/Users/n0290338/.oh-my-zsh/custom/plugins/zsh-syntax-highlighting /Users/n0290338/.oh-my-zsh/plugins/z /Users/n0290338/.oh-my-zsh/plugins/tig /Users/n0290338/.oh-my-zsh/plugins/svn /Users/n0290338/.oh-my-zsh/plugins/osx /Users/n0290338/.oh-my-zsh/plugins/npm /Users/n0290338/.oh-my-zsh/plugins/node /Users/n0290338/.oh-my-zsh/plugins/mvn /Users/n0290338/.oh-my-zsh/plugins/git /Users/n0290338/.oh-my-zsh/plugins/brew /Users/n0290338/.oh-my-zsh/functions /Users/n0290338/.oh-my-zsh/completions /usr/local/share/zsh/site-functions /usr/share/zsh/site-functions /usr/share/zsh/5.2/functions

_git () {
	if (( CURRENT > 2 ))
	then
		local -a aliases
		local -A git_aliases
		local k v
		aliases=(${(0)"$(_call_program aliases git config -z --get-regexp '\^alias\.')"}) 
		for a in ${aliases}
		do
			k="${${a/$'\n'*}/alias.}" 
			v="${a#*$'\n'}" 
			git_aliases[$k]="$v" 
		done
		if (( $+git_aliases[$words[2]] && !$+commands[git-$words[2]] && !$+functions[_git-$words[2]] ))
		then
			local -a tmpwords expalias
			expalias=(${(z)git_aliases[$words[2]]}) 
			tmpwords=(${words[1]} ${expalias}) 
			if [[ -n "${words[3,-1]}" ]]
			then
				tmpwords+=(${words[3,-1]}) 
			fi
			[[ -n ${words[$CURRENT]} ]] || tmpwords+=('') 
			(( CURRENT += ${#expalias} - 1 ))
			words=("${tmpwords[@]}") 
			unset tmpwords expalias
		fi
		unset git_aliases aliases
	fi
	integer ret=1 
	if [[ $service = git ]]
	then
		local curcontext=$curcontext state line 
		declare -A opt_args
		_arguments -C '(- :)--version[display version information]' '(- :)--help[display help message]' '-C[run as if git was started in given path]: :_directories' '-c[pass configuration parameter to command]:parameter' '--exec-path=-[path containing core git-programs]:: :_directories' '(: -)--man-path[print the manpath for the man pages for this version of Git and exit]' '(: -)--info-path[print the path where the info files are installed and exit]' '(: -)--html-path[display path to HTML documentation and exit]' '(-p --paginate)'{-p,--paginate}'[pipe output into $PAGER]' '--no-pager[do not pipe git output into a pager]' '--git-dir=-[path to repository]: :_directories' '--work-tree=-[path to working tree]: :_directories' '--namespace=-[set the Git namespace]: :_directories' '--bare[use $PWD as repository]' '--no-replace-objects[do not use replacement refs to replace git objects]' '--literal-pathspecs[treat pathspecs literally, rather than as glob patterns]' '(-): :->command' '(-)*:: :->option-or-argument' && return
		case $state in
			(command) _git_commands && ret=0  ;;
			(option-or-argument) curcontext=${curcontext%:*:*}:git-$words[1]: 
				if ! _call_function ret _git-$words[1]
				then
					if zstyle -T :completion:$curcontext: use-fallback
					then
						_default && ret=0 
					else
						_message "unknown sub-command: $words[1]"
					fi
				fi ;;
		esac
	else
		_call_function ret _$service
	fi
	return ret
}

_git_commands () {
	# undefined
	builtin autoload -XUz
}
